2023-03-14 19:56:06 - Starting SpringmvcwithspringbootApplication using Java 1.8.0_144 on DESKTOP-3TVHP8S with PID 13452 (C:\Users\Dell\IdeaProjects\springmvcwithspringboot\springmvcwithspringboot\build\classes\java\main started by Dell in C:\Users\Dell\IdeaProjects\Emexo)
2023-03-14 19:56:06 - Running with Spring Boot v2.7.9, Spring v5.3.25
2023-03-14 19:56:06 - No active profile set, falling back to 1 default profile: "default"
2023-03-14 19:56:10 - Bootstrapping Spring Data JPA repositories in DEFAULT mode.
2023-03-14 19:56:10 - Finished Spring Data repository scanning in 296 ms. Found 3 JPA repository interfaces.
2023-03-14 19:56:13 - Tomcat initialized with port(s): 9095 (http)
2023-03-14 19:56:13 - Starting service [Tomcat]
2023-03-14 19:56:13 - Starting Servlet engine: [Apache Tomcat/9.0.71]
2023-03-14 19:56:14 - Initializing Spring embedded WebApplicationContext
2023-03-14 19:56:14 - Root WebApplicationContext: initialization completed in 7467 ms
2023-03-14 19:56:15 - HikariPool-1 - Starting...
2023-03-14 19:56:17 - HikariPool-1 - Start completed.
2023-03-14 19:56:18 - HHH000204: Processing PersistenceUnitInfo [name: default]
2023-03-14 19:56:18 - HHH000412: Hibernate ORM core version 5.6.15.Final
2023-03-14 19:56:19 - HCANN000001: Hibernate Commons Annotations {5.1.2.Final}
2023-03-14 19:56:20 - HHH000400: Using dialect: org.hibernate.dialect.Oracle10gDialect
2023-03-14 19:56:23 - HHH000490: Using JtaPlatform implementation: [org.hibernate.engine.transaction.jta.platform.internal.NoJtaPlatform]
2023-03-14 19:56:23 - Initialized JPA EntityManagerFactory for persistence unit 'default'
2023-03-14 19:56:26 - spring.jpa.open-in-view is enabled by default. Therefore, database queries may be performed during view rendering. Explicitly configure spring.jpa.open-in-view to disable this warning
2023-03-14 19:56:27 - Adding welcome page template: index
2023-03-14 19:56:28 - Tomcat started on port(s): 9095 (http) with context path ''
2023-03-14 19:56:28 - Started SpringmvcwithspringbootApplication in 22.615 seconds (JVM running for 23.745)
2023-03-14 19:56:41 - Initializing Spring DispatcherServlet 'dispatcherServlet'
2023-03-14 19:56:41 - Initializing Servlet 'dispatcherServlet'
2023-03-14 19:56:41 - Completed initialization in 2 ms
2023-03-14 19:56:49 - Inside the ReleaseController.getRelease
2023-03-14 19:57:03 - Inside ReleaseController.save, releaseVO:ReleaseRequest{releaseId=0, description='Release Prod', releaseDate=null}
2023-03-14 19:57:03 - Inside ReleaseServiceImpl.save, releaseRequest:ReleaseRequest{releaseId=0, description='Release Prod', releaseDate=null}
2023-03-14 19:57:03 - Inside the ReleaseController.getRelease
2023-03-14 19:57:03 - Inside ReleaseServiceImpl.findAll
2023-03-14 19:57:03 - Find all release response: [Release(releaseId=1, description=Release the testing, releaseDate=2023-01-13 00:00:00.0), Release(releaseId=21, description=SIT_Testing, releaseDate=2023-01-16 00:00:00.0), Release(releaseId=22, description=UAT-Testing, releaseDate=2023-01-20 20:02:29.0), Release(releaseId=47, description=Release Prod, releaseDate=null), Release(releaseId=46, description=Appl, releaseDate=null)]
2023-03-14 20:30:08 - Starting SpringmvcwithspringbootApplication using Java 1.8.0_144 on DESKTOP-3TVHP8S with PID 10376 (C:\Users\Dell\IdeaProjects\springmvcwithspringboot\springmvcwithspringboot\build\classes\java\main started by Dell in C:\Users\Dell\IdeaProjects\Emexo)
2023-03-14 20:30:08 - Running with Spring Boot v2.7.9, Spring v5.3.25
2023-03-14 20:30:08 - No active profile set, falling back to 1 default profile: "default"
2023-03-14 20:30:11 - Bootstrapping Spring Data JPA repositories in DEFAULT mode.
2023-03-14 20:30:12 - Finished Spring Data repository scanning in 200 ms. Found 3 JPA repository interfaces.
2023-03-14 20:30:14 - Tomcat initialized with port(s): 9095 (http)
2023-03-14 20:30:14 - Starting service [Tomcat]
2023-03-14 20:30:14 - Starting Servlet engine: [Apache Tomcat/9.0.71]
2023-03-14 20:30:15 - Initializing Spring embedded WebApplicationContext
2023-03-14 20:30:15 - Root WebApplicationContext: initialization completed in 5956 ms
2023-03-14 20:30:16 - HikariPool-1 - Starting...
2023-03-14 20:30:17 - HikariPool-1 - Start completed.
2023-03-14 20:30:17 - HHH000204: Processing PersistenceUnitInfo [name: default]
2023-03-14 20:30:18 - HHH000412: Hibernate ORM core version 5.6.15.Final
2023-03-14 20:30:18 - HCANN000001: Hibernate Commons Annotations {5.1.2.Final}
2023-03-14 20:30:19 - HHH000400: Using dialect: org.hibernate.dialect.Oracle10gDialect
2023-03-14 20:30:22 - HHH000490: Using JtaPlatform implementation: [org.hibernate.engine.transaction.jta.platform.internal.NoJtaPlatform]
2023-03-14 20:30:22 - Initialized JPA EntityManagerFactory for persistence unit 'default'
2023-03-14 20:30:24 - spring.jpa.open-in-view is enabled by default. Therefore, database queries may be performed during view rendering. Explicitly configure spring.jpa.open-in-view to disable this warning
2023-03-14 20:30:24 - Adding welcome page template: index
2023-03-14 20:30:25 - Tomcat started on port(s): 9095 (http) with context path ''
2023-03-14 20:30:25 - Started SpringmvcwithspringbootApplication in 17.83 seconds (JVM running for 18.955)
2023-03-14 20:30:56 - Initializing Spring DispatcherServlet 'dispatcherServlet'
2023-03-14 20:30:56 - Initializing Servlet 'dispatcherServlet'
2023-03-14 20:30:56 - Completed initialization in 14 ms
2023-03-14 20:30:59 - Inside the ApplicationController.getApplications
2023-03-14 20:30:59 - Inside ApplicationServiceImpl.findAll
2023-03-14 20:31:00 - Find all application response: [Application(applicationId=90, description=photo, applicationName=photo, owner=karthik), Application(applicationId=2, description=Test, applicationName=Defect, owner=Karthik), Application(applicationId=23, description=Jira, applicationName=Jiratool, owner=kkalyan), Application(applicationId=24, description=string, applicationName=string, owner=string), Application(applicationId=25, description=PostTesting, applicationName=POSTMethod, owner=Karthik), Application(applicationId=44, description=Jira, applicationName=Jiratool, owner=kkalyan), Application(applicationId=27, description=Post1, applicationName=Defect1, owner=Karthikeyan), Application(applicationId=86, description=sample, applicationName=sample, owner=karthik), Application(applicationId=87, description=sample, applicationName=sample, owner=karthik), Application(applicationId=91, description=adobe, applicationName=adobe, owner=philips), Application(applicationId=88, description=facebook, applicationName=metadata, owner=mark), Application(applicationId=89, description=google, applicationName=gmail, owner=sundar), Application(applicationId=92, description=adobe, applicationName=adobe, owner=philips), Application(applicationId=121, description=securitypost, applicationName=securitypost, owner=karthik), Application(applicationId=94, description=authorize, applicationName=authorize, owner=karthik), Application(applicationId=101, description=authorize1, applicationName=authorize1, owner=karthik), Application(applicationId=141, description=Appl, applicationName=Appl, owner=SIT Testing), Application(applicationId=143, description=Appl 2, applicationName=Appl 2, owner=UAT Testing)]
2023-03-14 20:31:00 - Application response:[ApplicationVO(applicationId=90, description=photo, applicationName=photo, owner=karthik), ApplicationVO(applicationId=2, description=Test, applicationName=Defect, owner=Karthik), ApplicationVO(applicationId=23, description=Jira, applicationName=Jiratool, owner=kkalyan), ApplicationVO(applicationId=24, description=string, applicationName=string, owner=string), ApplicationVO(applicationId=25, description=PostTesting, applicationName=POSTMethod, owner=Karthik), ApplicationVO(applicationId=44, description=Jira, applicationName=Jiratool, owner=kkalyan), ApplicationVO(applicationId=27, description=Post1, applicationName=Defect1, owner=Karthikeyan), ApplicationVO(applicationId=86, description=sample, applicationName=sample, owner=karthik), ApplicationVO(applicationId=87, description=sample, applicationName=sample, owner=karthik), ApplicationVO(applicationId=91, description=adobe, applicationName=adobe, owner=philips), ApplicationVO(applicationId=88, description=facebook, applicationName=metadata, owner=mark), ApplicationVO(applicationId=89, description=google, applicationName=gmail, owner=sundar), ApplicationVO(applicationId=92, description=adobe, applicationName=adobe, owner=philips), ApplicationVO(applicationId=121, description=securitypost, applicationName=securitypost, owner=karthik), ApplicationVO(applicationId=94, description=authorize, applicationName=authorize, owner=karthik), ApplicationVO(applicationId=101, description=authorize1, applicationName=authorize1, owner=karthik), ApplicationVO(applicationId=141, description=Appl, applicationName=Appl, owner=SIT Testing), ApplicationVO(applicationId=143, description=Appl 2, applicationName=Appl 2, owner=UAT Testing)]
2023-03-14 20:36:08 - Starting SpringmvcwithspringbootApplication using Java 1.8.0_144 on DESKTOP-3TVHP8S with PID 9132 (C:\Users\Dell\IdeaProjects\springmvcwithspringboot\springmvcwithspringboot\build\classes\java\main started by Dell in C:\Users\Dell\IdeaProjects\Emexo)
2023-03-14 20:36:08 - Running with Spring Boot v2.7.9, Spring v5.3.25
2023-03-14 20:36:08 - No active profile set, falling back to 1 default profile: "default"
2023-03-14 20:36:10 - Bootstrapping Spring Data JPA repositories in DEFAULT mode.
2023-03-14 20:36:11 - Finished Spring Data repository scanning in 304 ms. Found 3 JPA repository interfaces.
2023-03-14 20:36:15 - Tomcat initialized with port(s): 9095 (http)
2023-03-14 20:36:15 - Starting service [Tomcat]
2023-03-14 20:36:15 - Starting Servlet engine: [Apache Tomcat/9.0.71]
2023-03-14 20:36:15 - Initializing Spring embedded WebApplicationContext
2023-03-14 20:36:15 - Root WebApplicationContext: initialization completed in 6989 ms
2023-03-14 20:36:17 - HikariPool-1 - Starting...
2023-03-14 20:36:19 - HikariPool-1 - Start completed.
2023-03-14 20:36:19 - HHH000204: Processing PersistenceUnitInfo [name: default]
2023-03-14 20:36:19 - HHH000412: Hibernate ORM core version 5.6.15.Final
2023-03-14 20:36:20 - HCANN000001: Hibernate Commons Annotations {5.1.2.Final}
2023-03-14 20:36:21 - HHH000400: Using dialect: org.hibernate.dialect.Oracle10gDialect
2023-03-14 20:36:23 - HHH000490: Using JtaPlatform implementation: [org.hibernate.engine.transaction.jta.platform.internal.NoJtaPlatform]
2023-03-14 20:36:23 - Initialized JPA EntityManagerFactory for persistence unit 'default'
2023-03-14 20:36:26 - spring.jpa.open-in-view is enabled by default. Therefore, database queries may be performed during view rendering. Explicitly configure spring.jpa.open-in-view to disable this warning
2023-03-14 20:36:26 - Adding welcome page template: index
2023-03-14 20:36:27 - Tomcat started on port(s): 9095 (http) with context path ''
2023-03-14 20:36:27 - Started SpringmvcwithspringbootApplication in 20.344 seconds (JVM running for 21.365)
2023-03-14 20:36:54 - Initializing Spring DispatcherServlet 'dispatcherServlet'
2023-03-14 20:36:54 - Initializing Servlet 'dispatcherServlet'
2023-03-14 20:36:54 - Completed initialization in 8 ms
2023-03-14 20:36:58 - Inside the ApplicationController.getApplications
2023-03-14 20:36:58 - Inside ApplicationServiceImpl.findAll
2023-03-14 20:36:59 - Find all application response: [Application(applicationId=90, description=photo, applicationName=photo, owner=karthik), Application(applicationId=2, description=Test, applicationName=Defect, owner=Karthik), Application(applicationId=23, description=Jira, applicationName=Jiratool, owner=kkalyan), Application(applicationId=24, description=string, applicationName=string, owner=string), Application(applicationId=25, description=PostTesting, applicationName=POSTMethod, owner=Karthik), Application(applicationId=44, description=Jira, applicationName=Jiratool, owner=kkalyan), Application(applicationId=27, description=Post1, applicationName=Defect1, owner=Karthikeyan), Application(applicationId=86, description=sample, applicationName=sample, owner=karthik), Application(applicationId=87, description=sample, applicationName=sample, owner=karthik), Application(applicationId=91, description=adobe, applicationName=adobe, owner=philips), Application(applicationId=88, description=facebook, applicationName=metadata, owner=mark), Application(applicationId=89, description=google, applicationName=gmail, owner=sundar), Application(applicationId=92, description=adobe, applicationName=adobe, owner=philips), Application(applicationId=121, description=securitypost, applicationName=securitypost, owner=karthik), Application(applicationId=94, description=authorize, applicationName=authorize, owner=karthik), Application(applicationId=101, description=authorize1, applicationName=authorize1, owner=karthik), Application(applicationId=141, description=Appl, applicationName=Appl, owner=SIT Testing), Application(applicationId=143, description=Appl 2, applicationName=Appl 2, owner=UAT Testing)]
2023-03-14 20:36:59 - Application response:[ApplicationVO(applicationId=90, description=photo, applicationName=photo, owner=karthik), ApplicationVO(applicationId=2, description=Test, applicationName=Defect, owner=Karthik), ApplicationVO(applicationId=23, description=Jira, applicationName=Jiratool, owner=kkalyan), ApplicationVO(applicationId=24, description=string, applicationName=string, owner=string), ApplicationVO(applicationId=25, description=PostTesting, applicationName=POSTMethod, owner=Karthik), ApplicationVO(applicationId=44, description=Jira, applicationName=Jiratool, owner=kkalyan), ApplicationVO(applicationId=27, description=Post1, applicationName=Defect1, owner=Karthikeyan), ApplicationVO(applicationId=86, description=sample, applicationName=sample, owner=karthik), ApplicationVO(applicationId=87, description=sample, applicationName=sample, owner=karthik), ApplicationVO(applicationId=91, description=adobe, applicationName=adobe, owner=philips), ApplicationVO(applicationId=88, description=facebook, applicationName=metadata, owner=mark), ApplicationVO(applicationId=89, description=google, applicationName=gmail, owner=sundar), ApplicationVO(applicationId=92, description=adobe, applicationName=adobe, owner=philips), ApplicationVO(applicationId=121, description=securitypost, applicationName=securitypost, owner=karthik), ApplicationVO(applicationId=94, description=authorize, applicationName=authorize, owner=karthik), ApplicationVO(applicationId=101, description=authorize1, applicationName=authorize1, owner=karthik), ApplicationVO(applicationId=141, description=Appl, applicationName=Appl, owner=SIT Testing), ApplicationVO(applicationId=143, description=Appl 2, applicationName=Appl 2, owner=UAT Testing)]
2023-03-14 20:39:21 - Starting SpringmvcwithspringbootApplication using Java 1.8.0_144 on DESKTOP-3TVHP8S with PID 13132 (C:\Users\Dell\IdeaProjects\springmvcwithspringboot\springmvcwithspringboot\build\classes\java\main started by Dell in C:\Users\Dell\IdeaProjects\Emexo)
2023-03-14 20:39:21 - Running with Spring Boot v2.7.9, Spring v5.3.25
2023-03-14 20:39:21 - No active profile set, falling back to 1 default profile: "default"
2023-03-14 20:39:23 - Bootstrapping Spring Data JPA repositories in DEFAULT mode.
2023-03-14 20:39:23 - Finished Spring Data repository scanning in 179 ms. Found 3 JPA repository interfaces.
2023-03-14 20:39:26 - Tomcat initialized with port(s): 9095 (http)
2023-03-14 20:39:26 - Starting service [Tomcat]
2023-03-14 20:39:26 - Starting Servlet engine: [Apache Tomcat/9.0.71]
2023-03-14 20:39:26 - Initializing Spring embedded WebApplicationContext
2023-03-14 20:39:26 - Root WebApplicationContext: initialization completed in 4812 ms
2023-03-14 20:39:27 - HikariPool-1 - Starting...
2023-03-14 20:39:29 - HikariPool-1 - Start completed.
2023-03-14 20:39:29 - HHH000204: Processing PersistenceUnitInfo [name: default]
2023-03-14 20:39:30 - HHH000412: Hibernate ORM core version 5.6.15.Final
2023-03-14 20:39:30 - HCANN000001: Hibernate Commons Annotations {5.1.2.Final}
2023-03-14 20:39:31 - HHH000400: Using dialect: org.hibernate.dialect.Oracle10gDialect
2023-03-14 20:39:34 - HHH000490: Using JtaPlatform implementation: [org.hibernate.engine.transaction.jta.platform.internal.NoJtaPlatform]
2023-03-14 20:39:34 - Initialized JPA EntityManagerFactory for persistence unit 'default'
2023-03-14 20:39:36 - spring.jpa.open-in-view is enabled by default. Therefore, database queries may be performed during view rendering. Explicitly configure spring.jpa.open-in-view to disable this warning
2023-03-14 20:39:37 - Adding welcome page template: index
2023-03-14 20:39:37 - Tomcat started on port(s): 9095 (http) with context path ''
2023-03-14 20:39:37 - Started SpringmvcwithspringbootApplication in 17.846 seconds (JVM running for 18.872)
2023-03-14 20:39:41 - Initializing Spring DispatcherServlet 'dispatcherServlet'
2023-03-14 20:39:41 - Initializing Servlet 'dispatcherServlet'
2023-03-14 20:39:41 - Completed initialization in 0 ms
2023-03-14 20:39:45 - Inside the ApplicationController.getApplications
2023-03-14 20:39:45 - Inside ApplicationServiceImpl.findAll
2023-03-14 20:39:45 - Find all application response: [Application(applicationId=90, description=photo, applicationName=photo, owner=karthik), Application(applicationId=2, description=Test, applicationName=Defect, owner=Karthik), Application(applicationId=23, description=Jira, applicationName=Jiratool, owner=kkalyan), Application(applicationId=24, description=string, applicationName=string, owner=string), Application(applicationId=25, description=PostTesting, applicationName=POSTMethod, owner=Karthik), Application(applicationId=44, description=Jira, applicationName=Jiratool, owner=kkalyan), Application(applicationId=27, description=Post1, applicationName=Defect1, owner=Karthikeyan), Application(applicationId=86, description=sample, applicationName=sample, owner=karthik), Application(applicationId=87, description=sample, applicationName=sample, owner=karthik), Application(applicationId=91, description=adobe, applicationName=adobe, owner=philips), Application(applicationId=88, description=facebook, applicationName=metadata, owner=mark), Application(applicationId=89, description=google, applicationName=gmail, owner=sundar), Application(applicationId=92, description=adobe, applicationName=adobe, owner=philips), Application(applicationId=121, description=securitypost, applicationName=securitypost, owner=karthik), Application(applicationId=94, description=authorize, applicationName=authorize, owner=karthik), Application(applicationId=101, description=authorize1, applicationName=authorize1, owner=karthik), Application(applicationId=141, description=Appl, applicationName=Appl, owner=SIT Testing), Application(applicationId=143, description=Appl 2, applicationName=Appl 2, owner=UAT Testing)]
2023-03-14 20:39:45 - Application response:[ApplicationVO(applicationId=90, description=photo, applicationName=photo, owner=karthik), ApplicationVO(applicationId=2, description=Test, applicationName=Defect, owner=Karthik), ApplicationVO(applicationId=23, description=Jira, applicationName=Jiratool, owner=kkalyan), ApplicationVO(applicationId=24, description=string, applicationName=string, owner=string), ApplicationVO(applicationId=25, description=PostTesting, applicationName=POSTMethod, owner=Karthik), ApplicationVO(applicationId=44, description=Jira, applicationName=Jiratool, owner=kkalyan), ApplicationVO(applicationId=27, description=Post1, applicationName=Defect1, owner=Karthikeyan), ApplicationVO(applicationId=86, description=sample, applicationName=sample, owner=karthik), ApplicationVO(applicationId=87, description=sample, applicationName=sample, owner=karthik), ApplicationVO(applicationId=91, description=adobe, applicationName=adobe, owner=philips), ApplicationVO(applicationId=88, description=facebook, applicationName=metadata, owner=mark), ApplicationVO(applicationId=89, description=google, applicationName=gmail, owner=sundar), ApplicationVO(applicationId=92, description=adobe, applicationName=adobe, owner=philips), ApplicationVO(applicationId=121, description=securitypost, applicationName=securitypost, owner=karthik), ApplicationVO(applicationId=94, description=authorize, applicationName=authorize, owner=karthik), ApplicationVO(applicationId=101, description=authorize1, applicationName=authorize1, owner=karthik), ApplicationVO(applicationId=141, description=Appl, applicationName=Appl, owner=SIT Testing), ApplicationVO(applicationId=143, description=Appl 2, applicationName=Appl 2, owner=UAT Testing)]
2023-03-14 20:41:11 - Starting SpringmvcwithspringbootApplication using Java 1.8.0_144 on DESKTOP-3TVHP8S with PID 11236 (C:\Users\Dell\IdeaProjects\springmvcwithspringboot\springmvcwithspringboot\build\classes\java\main started by Dell in C:\Users\Dell\IdeaProjects\Emexo)
2023-03-14 20:41:11 - Running with Spring Boot v2.7.9, Spring v5.3.25
2023-03-14 20:41:11 - No active profile set, falling back to 1 default profile: "default"
2023-03-14 20:41:13 - Bootstrapping Spring Data JPA repositories in DEFAULT mode.
2023-03-14 20:41:13 - Finished Spring Data repository scanning in 210 ms. Found 3 JPA repository interfaces.
2023-03-14 20:41:16 - Tomcat initialized with port(s): 9095 (http)
2023-03-14 20:41:16 - Starting service [Tomcat]
2023-03-14 20:41:16 - Starting Servlet engine: [Apache Tomcat/9.0.71]
2023-03-14 20:41:16 - Initializing Spring embedded WebApplicationContext
2023-03-14 20:41:16 - Root WebApplicationContext: initialization completed in 5253 ms
2023-03-14 20:41:18 - HikariPool-1 - Starting...
2023-03-14 20:41:20 - HikariPool-1 - Start completed.
2023-03-14 20:41:20 - HHH000204: Processing PersistenceUnitInfo [name: default]
2023-03-14 20:41:20 - HHH000412: Hibernate ORM core version 5.6.15.Final
2023-03-14 20:41:21 - HCANN000001: Hibernate Commons Annotations {5.1.2.Final}
2023-03-14 20:41:21 - HHH000400: Using dialect: org.hibernate.dialect.Oracle10gDialect
2023-03-14 20:41:24 - HHH000490: Using JtaPlatform implementation: [org.hibernate.engine.transaction.jta.platform.internal.NoJtaPlatform]
2023-03-14 20:41:24 - Initialized JPA EntityManagerFactory for persistence unit 'default'
2023-03-14 20:41:26 - spring.jpa.open-in-view is enabled by default. Therefore, database queries may be performed during view rendering. Explicitly configure spring.jpa.open-in-view to disable this warning
2023-03-14 20:41:27 - Adding welcome page template: index
2023-03-14 20:41:28 - Tomcat started on port(s): 9095 (http) with context path ''
2023-03-14 20:41:28 - Started SpringmvcwithspringbootApplication in 18.548 seconds (JVM running for 19.88)
2023-03-14 20:41:31 - Initializing Spring DispatcherServlet 'dispatcherServlet'
2023-03-14 20:41:31 - Initializing Servlet 'dispatcherServlet'
2023-03-14 20:41:31 - Completed initialization in 10 ms
2023-03-14 20:41:35 - Inside the ApplicationController.getApplications
2023-03-14 20:41:35 - Inside ApplicationServiceImpl.findAll
2023-03-14 20:41:35 - Find all application response: [Application(applicationId=90, description=photo, applicationName=photo, owner=karthik), Application(applicationId=2, description=Test, applicationName=Defect, owner=Karthik), Application(applicationId=23, description=Jira, applicationName=Jiratool, owner=kkalyan), Application(applicationId=24, description=string, applicationName=string, owner=string), Application(applicationId=25, description=PostTesting, applicationName=POSTMethod, owner=Karthik), Application(applicationId=44, description=Jira, applicationName=Jiratool, owner=kkalyan), Application(applicationId=27, description=Post1, applicationName=Defect1, owner=Karthikeyan), Application(applicationId=86, description=sample, applicationName=sample, owner=karthik), Application(applicationId=87, description=sample, applicationName=sample, owner=karthik), Application(applicationId=91, description=adobe, applicationName=adobe, owner=philips), Application(applicationId=88, description=facebook, applicationName=metadata, owner=mark), Application(applicationId=89, description=google, applicationName=gmail, owner=sundar), Application(applicationId=92, description=adobe, applicationName=adobe, owner=philips), Application(applicationId=121, description=securitypost, applicationName=securitypost, owner=karthik), Application(applicationId=94, description=authorize, applicationName=authorize, owner=karthik), Application(applicationId=101, description=authorize1, applicationName=authorize1, owner=karthik), Application(applicationId=141, description=Appl, applicationName=Appl, owner=SIT Testing), Application(applicationId=143, description=Appl 2, applicationName=Appl 2, owner=UAT Testing)]
2023-03-14 20:41:35 - Application response:[ApplicationVO(applicationId=90, description=photo, applicationName=photo, owner=karthik), ApplicationVO(applicationId=2, description=Test, applicationName=Defect, owner=Karthik), ApplicationVO(applicationId=23, description=Jira, applicationName=Jiratool, owner=kkalyan), ApplicationVO(applicationId=24, description=string, applicationName=string, owner=string), ApplicationVO(applicationId=25, description=PostTesting, applicationName=POSTMethod, owner=Karthik), ApplicationVO(applicationId=44, description=Jira, applicationName=Jiratool, owner=kkalyan), ApplicationVO(applicationId=27, description=Post1, applicationName=Defect1, owner=Karthikeyan), ApplicationVO(applicationId=86, description=sample, applicationName=sample, owner=karthik), ApplicationVO(applicationId=87, description=sample, applicationName=sample, owner=karthik), ApplicationVO(applicationId=91, description=adobe, applicationName=adobe, owner=philips), ApplicationVO(applicationId=88, description=facebook, applicationName=metadata, owner=mark), ApplicationVO(applicationId=89, description=google, applicationName=gmail, owner=sundar), ApplicationVO(applicationId=92, description=adobe, applicationName=adobe, owner=philips), ApplicationVO(applicationId=121, description=securitypost, applicationName=securitypost, owner=karthik), ApplicationVO(applicationId=94, description=authorize, applicationName=authorize, owner=karthik), ApplicationVO(applicationId=101, description=authorize1, applicationName=authorize1, owner=karthik), ApplicationVO(applicationId=141, description=Appl, applicationName=Appl, owner=SIT Testing), ApplicationVO(applicationId=143, description=Appl 2, applicationName=Appl 2, owner=UAT Testing)]
2023-03-14 20:41:37 - Input to ApplicationController.getApplicationById, id:23
2023-03-14 20:41:37 - Inside ApplicationServiceImpl.getApplicationbyId, id:23
2023-03-14 20:41:43 - Application details for the application id:23, and details:java.util.concurrent.CompletableFuture@1347f26[Completed normally]
2023-03-14 20:41:50 - Failure in @ExceptionHandler com.springmvcwithspringboot.exceptionhandling.ExceptionHandlerControllerAdvice#handleException(ResourceNotFoundException, HttpServletRequest)
java.lang.IllegalStateException: Could not resolve parameter [0] in public com.springmvcwithspringboot.exceptionhandling.ExceptionResponse com.springmvcwithspringboot.exceptionhandling.ExceptionHandlerControllerAdvice.handleException(com.springmvcwithspringboot.exceptionhandling.ResourceNotFoundException,javax.servlet.http.HttpServletRequest): No suitable resolver
	at org.springframework.web.method.support.InvocableHandlerMethod.getMethodArgumentValues(InvocableHandlerMethod.java:176)
	at org.springframework.web.method.support.InvocableHandlerMethod.invokeForRequest(InvocableHandlerMethod.java:146)
	at org.springframework.web.servlet.mvc.method.annotation.ServletInvocableHandlerMethod.invokeAndHandle(ServletInvocableHandlerMethod.java:117)
	at org.springframework.web.servlet.mvc.method.annotation.ExceptionHandlerExceptionResolver.doResolveHandlerMethodException(ExceptionHandlerExceptionResolver.java:428)
	at org.springframework.web.servlet.handler.AbstractHandlerMethodExceptionResolver.doResolveException(AbstractHandlerMethodExceptionResolver.java:75)
	at org.springframework.web.servlet.handler.AbstractHandlerExceptionResolver.resolveException(AbstractHandlerExceptionResolver.java:142)
	at org.springframework.web.servlet.handler.HandlerExceptionResolverComposite.resolveException(HandlerExceptionResolverComposite.java:80)
	at org.springframework.web.servlet.DispatcherServlet.processHandlerException(DispatcherServlet.java:1331)
	at org.springframework.web.servlet.DispatcherServlet.processDispatchResult(DispatcherServlet.java:1142)
	at org.springframework.web.servlet.DispatcherServlet.doDispatch(DispatcherServlet.java:1088)
	at org.springframework.web.servlet.DispatcherServlet.doService(DispatcherServlet.java:964)
	at org.springframework.web.servlet.FrameworkServlet.processRequest(FrameworkServlet.java:1006)
	at org.springframework.web.servlet.FrameworkServlet.doPost(FrameworkServlet.java:909)
	at javax.servlet.http.HttpServlet.service(HttpServlet.java:696)
	at org.springframework.web.servlet.FrameworkServlet.service(FrameworkServlet.java:883)
	at javax.servlet.http.HttpServlet.service(HttpServlet.java:779)
	at org.apache.catalina.core.ApplicationFilterChain.internalDoFilter(ApplicationFilterChain.java:227)
	at org.apache.catalina.core.ApplicationFilterChain.doFilter(ApplicationFilterChain.java:162)
	at org.apache.tomcat.websocket.server.WsFilter.doFilter(WsFilter.java:53)
	at org.apache.catalina.core.ApplicationFilterChain.internalDoFilter(ApplicationFilterChain.java:189)
	at org.apache.catalina.core.ApplicationFilterChain.doFilter(ApplicationFilterChain.java:162)
	at org.springframework.web.filter.RequestContextFilter.doFilterInternal(RequestContextFilter.java:100)
	at org.springframework.web.filter.OncePerRequestFilter.doFilter(OncePerRequestFilter.java:117)
	at org.apache.catalina.core.ApplicationFilterChain.internalDoFilter(ApplicationFilterChain.java:189)
	at org.apache.catalina.core.ApplicationFilterChain.doFilter(ApplicationFilterChain.java:162)
	at org.springframework.web.filter.FormContentFilter.doFilterInternal(FormContentFilter.java:93)
	at org.springframework.web.filter.OncePerRequestFilter.doFilter(OncePerRequestFilter.java:117)
	at org.apache.catalina.core.ApplicationFilterChain.internalDoFilter(ApplicationFilterChain.java:189)
	at org.apache.catalina.core.ApplicationFilterChain.doFilter(ApplicationFilterChain.java:162)
	at org.springframework.web.filter.CharacterEncodingFilter.doFilterInternal(CharacterEncodingFilter.java:201)
	at org.springframework.web.filter.OncePerRequestFilter.doFilter(OncePerRequestFilter.java:117)
	at org.apache.catalina.core.ApplicationFilterChain.internalDoFilter(ApplicationFilterChain.java:189)
	at org.apache.catalina.core.ApplicationFilterChain.doFilter(ApplicationFilterChain.java:162)
	at org.apache.catalina.core.StandardWrapperValve.invoke(StandardWrapperValve.java:177)
	at org.apache.catalina.core.StandardContextValve.invoke(StandardContextValve.java:97)
	at org.apache.catalina.authenticator.AuthenticatorBase.invoke(AuthenticatorBase.java:541)
	at org.apache.catalina.core.StandardHostValve.invoke(StandardHostValve.java:135)
	at org.apache.catalina.valves.ErrorReportValve.invoke(ErrorReportValve.java:92)
	at org.apache.catalina.core.StandardEngineValve.invoke(StandardEngineValve.java:78)
	at org.apache.catalina.connector.CoyoteAdapter.service(CoyoteAdapter.java:360)
	at org.apache.coyote.http11.Http11Processor.service(Http11Processor.java:399)
	at org.apache.coyote.AbstractProcessorLight.process(AbstractProcessorLight.java:65)
	at org.apache.coyote.AbstractProtocol$ConnectionHandler.process(AbstractProtocol.java:891)
	at org.apache.tomcat.util.net.NioEndpoint$SocketProcessor.doRun(NioEndpoint.java:1784)
	at org.apache.tomcat.util.net.SocketProcessorBase.run(SocketProcessorBase.java:49)
	at org.apache.tomcat.util.threads.ThreadPoolExecutor.runWorker(ThreadPoolExecutor.java:1191)
	at org.apache.tomcat.util.threads.ThreadPoolExecutor$Worker.run(ThreadPoolExecutor.java:659)
	at org.apache.tomcat.util.threads.TaskThread$WrappingRunnable.run(TaskThread.java:61)
	at java.lang.Thread.run(Thread.java:748)
2023-03-14 20:41:50 - Resolved [org.springframework.web.HttpRequestMethodNotSupportedException: Request method 'POST' not supported]
2023-03-14 20:42:41 - Starting SpringmvcwithspringbootApplication using Java 1.8.0_144 on DESKTOP-3TVHP8S with PID 8740 (C:\Users\Dell\IdeaProjects\springmvcwithspringboot\springmvcwithspringboot\build\classes\java\main started by Dell in C:\Users\Dell\IdeaProjects\Emexo)
2023-03-14 20:42:41 - Running with Spring Boot v2.7.9, Spring v5.3.25
2023-03-14 20:42:41 - No active profile set, falling back to 1 default profile: "default"
2023-03-14 20:42:43 - Bootstrapping Spring Data JPA repositories in DEFAULT mode.
2023-03-14 20:42:43 - Finished Spring Data repository scanning in 212 ms. Found 3 JPA repository interfaces.
2023-03-14 20:42:47 - Tomcat initialized with port(s): 9095 (http)
2023-03-14 20:42:47 - Starting service [Tomcat]
2023-03-14 20:42:47 - Starting Servlet engine: [Apache Tomcat/9.0.71]
2023-03-14 20:42:47 - Initializing Spring embedded WebApplicationContext
2023-03-14 20:42:47 - Root WebApplicationContext: initialization completed in 6030 ms
2023-03-14 20:42:48 - HikariPool-1 - Starting...
2023-03-14 20:42:50 - HikariPool-1 - Start completed.
2023-03-14 20:42:50 - HHH000204: Processing PersistenceUnitInfo [name: default]
2023-03-14 20:42:51 - HHH000412: Hibernate ORM core version 5.6.15.Final
2023-03-14 20:42:51 - HCANN000001: Hibernate Commons Annotations {5.1.2.Final}
2023-03-14 20:42:51 - HHH000400: Using dialect: org.hibernate.dialect.Oracle10gDialect
2023-03-14 20:42:54 - HHH000490: Using JtaPlatform implementation: [org.hibernate.engine.transaction.jta.platform.internal.NoJtaPlatform]
2023-03-14 20:42:54 - Initialized JPA EntityManagerFactory for persistence unit 'default'
2023-03-14 20:42:56 - spring.jpa.open-in-view is enabled by default. Therefore, database queries may be performed during view rendering. Explicitly configure spring.jpa.open-in-view to disable this warning
2023-03-14 20:42:56 - Adding welcome page template: index
2023-03-14 20:42:57 - Tomcat started on port(s): 9095 (http) with context path ''
2023-03-14 20:42:57 - Started SpringmvcwithspringbootApplication in 17.869 seconds (JVM running for 19.591)
2023-03-14 20:43:10 - Initializing Spring DispatcherServlet 'dispatcherServlet'
2023-03-14 20:43:10 - Initializing Servlet 'dispatcherServlet'
2023-03-14 20:43:10 - Completed initialization in 5 ms
2023-03-14 20:43:14 - Inside the ApplicationController.getApplications
2023-03-14 20:43:14 - Inside ApplicationServiceImpl.findAll
2023-03-14 20:43:14 - Find all application response: [Application(applicationId=90, description=photo, applicationName=photo, owner=karthik), Application(applicationId=2, description=Test, applicationName=Defect, owner=Karthik), Application(applicationId=23, description=Jira, applicationName=Jiratool, owner=kkalyan), Application(applicationId=24, description=string, applicationName=string, owner=string), Application(applicationId=25, description=PostTesting, applicationName=POSTMethod, owner=Karthik), Application(applicationId=44, description=Jira, applicationName=Jiratool, owner=kkalyan), Application(applicationId=27, description=Post1, applicationName=Defect1, owner=Karthikeyan), Application(applicationId=86, description=sample, applicationName=sample, owner=karthik), Application(applicationId=87, description=sample, applicationName=sample, owner=karthik), Application(applicationId=91, description=adobe, applicationName=adobe, owner=philips), Application(applicationId=88, description=facebook, applicationName=metadata, owner=mark), Application(applicationId=89, description=google, applicationName=gmail, owner=sundar), Application(applicationId=92, description=adobe, applicationName=adobe, owner=philips), Application(applicationId=121, description=securitypost, applicationName=securitypost, owner=karthik), Application(applicationId=94, description=authorize, applicationName=authorize, owner=karthik), Application(applicationId=101, description=authorize1, applicationName=authorize1, owner=karthik), Application(applicationId=141, description=Appl, applicationName=Appl, owner=SIT Testing), Application(applicationId=143, description=Appl 2, applicationName=Appl 2, owner=UAT Testing)]
2023-03-14 20:43:14 - Application response:[ApplicationVO(applicationId=90, description=photo, applicationName=photo, owner=karthik), ApplicationVO(applicationId=2, description=Test, applicationName=Defect, owner=Karthik), ApplicationVO(applicationId=23, description=Jira, applicationName=Jiratool, owner=kkalyan), ApplicationVO(applicationId=24, description=string, applicationName=string, owner=string), ApplicationVO(applicationId=25, description=PostTesting, applicationName=POSTMethod, owner=Karthik), ApplicationVO(applicationId=44, description=Jira, applicationName=Jiratool, owner=kkalyan), ApplicationVO(applicationId=27, description=Post1, applicationName=Defect1, owner=Karthikeyan), ApplicationVO(applicationId=86, description=sample, applicationName=sample, owner=karthik), ApplicationVO(applicationId=87, description=sample, applicationName=sample, owner=karthik), ApplicationVO(applicationId=91, description=adobe, applicationName=adobe, owner=philips), ApplicationVO(applicationId=88, description=facebook, applicationName=metadata, owner=mark), ApplicationVO(applicationId=89, description=google, applicationName=gmail, owner=sundar), ApplicationVO(applicationId=92, description=adobe, applicationName=adobe, owner=philips), ApplicationVO(applicationId=121, description=securitypost, applicationName=securitypost, owner=karthik), ApplicationVO(applicationId=94, description=authorize, applicationName=authorize, owner=karthik), ApplicationVO(applicationId=101, description=authorize1, applicationName=authorize1, owner=karthik), ApplicationVO(applicationId=141, description=Appl, applicationName=Appl, owner=SIT Testing), ApplicationVO(applicationId=143, description=Appl 2, applicationName=Appl 2, owner=UAT Testing)]
2023-03-14 20:43:17 - Input to ApplicationController.getApplicationById, id:2
2023-03-14 20:43:17 - Inside ApplicationServiceImpl.getApplicationbyId, id:2
2023-03-14 20:43:23 - Application details for the application id:2, and details:java.util.concurrent.CompletableFuture@161ef70b[Completed normally]
2023-03-14 20:43:28 - Inside ApplicationController.save, applicationVO:ApplicationVO(applicationId=2, description=Test, applicationName=Defect1, owner=Karthik)
2023-03-14 20:43:28 - Inside the ApplicationServiceImpl.save method and params, applicationRequest:ApplicationRequest{applicationId=2, description='Test', applicationName='Defect1', owner='Karthik'}
2023-03-14 20:43:28 - Application Response, applicationResponse:Application(applicationId=2, description=Test, applicationName=Defect1, owner=Karthik)
2023-03-14 20:43:28 - Inside the ApplicationController.getApplications
2023-03-14 20:43:28 - Inside ApplicationServiceImpl.findAll
2023-03-14 20:43:28 - Find all application response: [Application(applicationId=90, description=photo, applicationName=photo, owner=karthik), Application(applicationId=2, description=Test, applicationName=Defect1, owner=Karthik), Application(applicationId=23, description=Jira, applicationName=Jiratool, owner=kkalyan), Application(applicationId=24, description=string, applicationName=string, owner=string), Application(applicationId=25, description=PostTesting, applicationName=POSTMethod, owner=Karthik), Application(applicationId=44, description=Jira, applicationName=Jiratool, owner=kkalyan), Application(applicationId=27, description=Post1, applicationName=Defect1, owner=Karthikeyan), Application(applicationId=86, description=sample, applicationName=sample, owner=karthik), Application(applicationId=87, description=sample, applicationName=sample, owner=karthik), Application(applicationId=91, description=adobe, applicationName=adobe, owner=philips), Application(applicationId=88, description=facebook, applicationName=metadata, owner=mark), Application(applicationId=89, description=google, applicationName=gmail, owner=sundar), Application(applicationId=92, description=adobe, applicationName=adobe, owner=philips), Application(applicationId=121, description=securitypost, applicationName=securitypost, owner=karthik), Application(applicationId=94, description=authorize, applicationName=authorize, owner=karthik), Application(applicationId=101, description=authorize1, applicationName=authorize1, owner=karthik), Application(applicationId=141, description=Appl, applicationName=Appl, owner=SIT Testing), Application(applicationId=143, description=Appl 2, applicationName=Appl 2, owner=UAT Testing)]
2023-03-14 20:43:28 - Application response:[ApplicationVO(applicationId=90, description=photo, applicationName=photo, owner=karthik), ApplicationVO(applicationId=2, description=Test, applicationName=Defect1, owner=Karthik), ApplicationVO(applicationId=23, description=Jira, applicationName=Jiratool, owner=kkalyan), ApplicationVO(applicationId=24, description=string, applicationName=string, owner=string), ApplicationVO(applicationId=25, description=PostTesting, applicationName=POSTMethod, owner=Karthik), ApplicationVO(applicationId=44, description=Jira, applicationName=Jiratool, owner=kkalyan), ApplicationVO(applicationId=27, description=Post1, applicationName=Defect1, owner=Karthikeyan), ApplicationVO(applicationId=86, description=sample, applicationName=sample, owner=karthik), ApplicationVO(applicationId=87, description=sample, applicationName=sample, owner=karthik), ApplicationVO(applicationId=91, description=adobe, applicationName=adobe, owner=philips), ApplicationVO(applicationId=88, description=facebook, applicationName=metadata, owner=mark), ApplicationVO(applicationId=89, description=google, applicationName=gmail, owner=sundar), ApplicationVO(applicationId=92, description=adobe, applicationName=adobe, owner=philips), ApplicationVO(applicationId=121, description=securitypost, applicationName=securitypost, owner=karthik), ApplicationVO(applicationId=94, description=authorize, applicationName=authorize, owner=karthik), ApplicationVO(applicationId=101, description=authorize1, applicationName=authorize1, owner=karthik), ApplicationVO(applicationId=141, description=Appl, applicationName=Appl, owner=SIT Testing), ApplicationVO(applicationId=143, description=Appl 2, applicationName=Appl 2, owner=UAT Testing)]
2023-03-14 20:44:49 - Starting SpringmvcwithspringbootApplication using Java 1.8.0_144 on DESKTOP-3TVHP8S with PID 6844 (C:\Users\Dell\IdeaProjects\springmvcwithspringboot\springmvcwithspringboot\build\classes\java\main started by Dell in C:\Users\Dell\IdeaProjects\Emexo)
2023-03-14 20:44:49 - Running with Spring Boot v2.7.9, Spring v5.3.25
2023-03-14 20:44:49 - No active profile set, falling back to 1 default profile: "default"
2023-03-14 20:44:51 - Bootstrapping Spring Data JPA repositories in DEFAULT mode.
2023-03-14 20:44:51 - Finished Spring Data repository scanning in 318 ms. Found 3 JPA repository interfaces.
2023-03-14 20:44:53 - Tomcat initialized with port(s): 9095 (http)
2023-03-14 20:44:53 - Starting service [Tomcat]
2023-03-14 20:44:53 - Starting Servlet engine: [Apache Tomcat/9.0.71]
2023-03-14 20:44:54 - Initializing Spring embedded WebApplicationContext
2023-03-14 20:44:54 - Root WebApplicationContext: initialization completed in 4911 ms
2023-03-14 20:44:55 - HikariPool-1 - Starting...
2023-03-14 20:44:56 - HikariPool-1 - Start completed.
2023-03-14 20:44:57 - HHH000204: Processing PersistenceUnitInfo [name: default]
2023-03-14 20:44:57 - HHH000412: Hibernate ORM core version 5.6.15.Final
2023-03-14 20:44:57 - HCANN000001: Hibernate Commons Annotations {5.1.2.Final}
2023-03-14 20:44:58 - HHH000400: Using dialect: org.hibernate.dialect.Oracle10gDialect
2023-03-14 20:45:00 - HHH000490: Using JtaPlatform implementation: [org.hibernate.engine.transaction.jta.platform.internal.NoJtaPlatform]
2023-03-14 20:45:00 - Initialized JPA EntityManagerFactory for persistence unit 'default'
2023-03-14 20:45:02 - spring.jpa.open-in-view is enabled by default. Therefore, database queries may be performed during view rendering. Explicitly configure spring.jpa.open-in-view to disable this warning
2023-03-14 20:45:02 - Adding welcome page template: index
2023-03-14 20:45:03 - Tomcat started on port(s): 9095 (http) with context path ''
2023-03-14 20:45:03 - Started SpringmvcwithspringbootApplication in 15.786 seconds (JVM running for 16.894)
2023-03-14 20:45:39 - Initializing Spring DispatcherServlet 'dispatcherServlet'
2023-03-14 20:45:39 - Initializing Servlet 'dispatcherServlet'
2023-03-14 20:45:39 - Completed initialization in 24 ms
2023-03-14 20:45:43 - Inside the ApplicationController.getApplications
2023-03-14 20:45:43 - Inside ApplicationServiceImpl.findAll
2023-03-14 20:45:43 - Find all application response: [Application(applicationId=90, description=photo, applicationName=photo, owner=karthik), Application(applicationId=2, description=Test, applicationName=Defect1, owner=Karthik), Application(applicationId=23, description=Jira, applicationName=Jiratool, owner=kkalyan), Application(applicationId=24, description=string, applicationName=string, owner=string), Application(applicationId=25, description=PostTesting, applicationName=POSTMethod, owner=Karthik), Application(applicationId=44, description=Jira, applicationName=Jiratool, owner=kkalyan), Application(applicationId=27, description=Post1, applicationName=Defect1, owner=Karthikeyan), Application(applicationId=86, description=sample, applicationName=sample, owner=karthik), Application(applicationId=87, description=sample, applicationName=sample, owner=karthik), Application(applicationId=91, description=adobe, applicationName=adobe, owner=philips), Application(applicationId=88, description=facebook, applicationName=metadata, owner=mark), Application(applicationId=89, description=google, applicationName=gmail, owner=sundar), Application(applicationId=92, description=adobe, applicationName=adobe, owner=philips), Application(applicationId=121, description=securitypost, applicationName=securitypost, owner=karthik), Application(applicationId=94, description=authorize, applicationName=authorize, owner=karthik), Application(applicationId=101, description=authorize1, applicationName=authorize1, owner=karthik), Application(applicationId=141, description=Appl, applicationName=Appl, owner=SIT Testing), Application(applicationId=143, description=Appl 2, applicationName=Appl 2, owner=UAT Testing)]
2023-03-14 20:45:43 - Application response:[ApplicationVO(applicationId=90, description=photo, applicationName=photo, owner=karthik), ApplicationVO(applicationId=2, description=Test, applicationName=Defect1, owner=Karthik), ApplicationVO(applicationId=23, description=Jira, applicationName=Jiratool, owner=kkalyan), ApplicationVO(applicationId=24, description=string, applicationName=string, owner=string), ApplicationVO(applicationId=25, description=PostTesting, applicationName=POSTMethod, owner=Karthik), ApplicationVO(applicationId=44, description=Jira, applicationName=Jiratool, owner=kkalyan), ApplicationVO(applicationId=27, description=Post1, applicationName=Defect1, owner=Karthikeyan), ApplicationVO(applicationId=86, description=sample, applicationName=sample, owner=karthik), ApplicationVO(applicationId=87, description=sample, applicationName=sample, owner=karthik), ApplicationVO(applicationId=91, description=adobe, applicationName=adobe, owner=philips), ApplicationVO(applicationId=88, description=facebook, applicationName=metadata, owner=mark), ApplicationVO(applicationId=89, description=google, applicationName=gmail, owner=sundar), ApplicationVO(applicationId=92, description=adobe, applicationName=adobe, owner=philips), ApplicationVO(applicationId=121, description=securitypost, applicationName=securitypost, owner=karthik), ApplicationVO(applicationId=94, description=authorize, applicationName=authorize, owner=karthik), ApplicationVO(applicationId=101, description=authorize1, applicationName=authorize1, owner=karthik), ApplicationVO(applicationId=141, description=Appl, applicationName=Appl, owner=SIT Testing), ApplicationVO(applicationId=143, description=Appl 2, applicationName=Appl 2, owner=UAT Testing)]
2023-03-14 20:45:46 - Input to ApplicationController.deleteApplicationById, id:24
2023-03-14 20:45:46 - Input to AppplicationServiceImpl.delete, id:24
2023-03-14 20:45:46 - Delete Application details for the application id:24, and details:null
2023-03-14 20:45:46 - Application details found
2023-03-14 20:45:46 - Inside the ApplicationController.getApplications
2023-03-14 20:45:46 - Inside ApplicationServiceImpl.findAll
2023-03-14 20:45:46 - Find all application response: [Application(applicationId=90, description=photo, applicationName=photo, owner=karthik), Application(applicationId=2, description=Test, applicationName=Defect1, owner=Karthik), Application(applicationId=23, description=Jira, applicationName=Jiratool, owner=kkalyan), Application(applicationId=25, description=PostTesting, applicationName=POSTMethod, owner=Karthik), Application(applicationId=44, description=Jira, applicationName=Jiratool, owner=kkalyan), Application(applicationId=27, description=Post1, applicationName=Defect1, owner=Karthikeyan), Application(applicationId=86, description=sample, applicationName=sample, owner=karthik), Application(applicationId=87, description=sample, applicationName=sample, owner=karthik), Application(applicationId=91, description=adobe, applicationName=adobe, owner=philips), Application(applicationId=88, description=facebook, applicationName=metadata, owner=mark), Application(applicationId=89, description=google, applicationName=gmail, owner=sundar), Application(applicationId=92, description=adobe, applicationName=adobe, owner=philips), Application(applicationId=121, description=securitypost, applicationName=securitypost, owner=karthik), Application(applicationId=94, description=authorize, applicationName=authorize, owner=karthik), Application(applicationId=101, description=authorize1, applicationName=authorize1, owner=karthik), Application(applicationId=141, description=Appl, applicationName=Appl, owner=SIT Testing), Application(applicationId=143, description=Appl 2, applicationName=Appl 2, owner=UAT Testing)]
2023-03-14 20:45:46 - Application response:[ApplicationVO(applicationId=90, description=photo, applicationName=photo, owner=karthik), ApplicationVO(applicationId=2, description=Test, applicationName=Defect1, owner=Karthik), ApplicationVO(applicationId=23, description=Jira, applicationName=Jiratool, owner=kkalyan), ApplicationVO(applicationId=25, description=PostTesting, applicationName=POSTMethod, owner=Karthik), ApplicationVO(applicationId=44, description=Jira, applicationName=Jiratool, owner=kkalyan), ApplicationVO(applicationId=27, description=Post1, applicationName=Defect1, owner=Karthikeyan), ApplicationVO(applicationId=86, description=sample, applicationName=sample, owner=karthik), ApplicationVO(applicationId=87, description=sample, applicationName=sample, owner=karthik), ApplicationVO(applicationId=91, description=adobe, applicationName=adobe, owner=philips), ApplicationVO(applicationId=88, description=facebook, applicationName=metadata, owner=mark), ApplicationVO(applicationId=89, description=google, applicationName=gmail, owner=sundar), ApplicationVO(applicationId=92, description=adobe, applicationName=adobe, owner=philips), ApplicationVO(applicationId=121, description=securitypost, applicationName=securitypost, owner=karthik), ApplicationVO(applicationId=94, description=authorize, applicationName=authorize, owner=karthik), ApplicationVO(applicationId=101, description=authorize1, applicationName=authorize1, owner=karthik), ApplicationVO(applicationId=141, description=Appl, applicationName=Appl, owner=SIT Testing), ApplicationVO(applicationId=143, description=Appl 2, applicationName=Appl 2, owner=UAT Testing)]
2023-03-14 20:45:49 - Input to ApplicationController.getApplicationById, id:25
2023-03-14 20:45:49 - Inside ApplicationServiceImpl.getApplicationbyId, id:25
2023-03-14 20:45:49 - Application details for the application id:25, and details:ApplicationVO(applicationId=25, description=PostTesting, applicationName=POSTMethod, owner=Karthik)
2023-03-14 20:45:54 - Inside ApplicationController.save, applicationVO:ApplicationVO(applicationId=25, description=PostTesting1, applicationName=POSTMethod1, owner=Karthik1)
2023-03-14 20:45:54 - Inside the ApplicationServiceImpl.save method and params, applicationRequest:ApplicationRequest{applicationId=25, description='PostTesting1', applicationName='POSTMethod1', owner='Karthik1'}
2023-03-14 20:45:54 - Application Response, applicationResponse:Application(applicationId=25, description=PostTesting1, applicationName=POSTMethod1, owner=Karthik1)
2023-03-14 20:45:54 - Inside the ApplicationController.getApplications
2023-03-14 20:45:54 - Inside ApplicationServiceImpl.findAll
2023-03-14 20:45:54 - Find all application response: [Application(applicationId=90, description=photo, applicationName=photo, owner=karthik), Application(applicationId=2, description=Test, applicationName=Defect1, owner=Karthik), Application(applicationId=23, description=Jira, applicationName=Jiratool, owner=kkalyan), Application(applicationId=25, description=PostTesting1, applicationName=POSTMethod1, owner=Karthik1), Application(applicationId=44, description=Jira, applicationName=Jiratool, owner=kkalyan), Application(applicationId=27, description=Post1, applicationName=Defect1, owner=Karthikeyan), Application(applicationId=86, description=sample, applicationName=sample, owner=karthik), Application(applicationId=87, description=sample, applicationName=sample, owner=karthik), Application(applicationId=91, description=adobe, applicationName=adobe, owner=philips), Application(applicationId=88, description=facebook, applicationName=metadata, owner=mark), Application(applicationId=89, description=google, applicationName=gmail, owner=sundar), Application(applicationId=92, description=adobe, applicationName=adobe, owner=philips), Application(applicationId=121, description=securitypost, applicationName=securitypost, owner=karthik), Application(applicationId=94, description=authorize, applicationName=authorize, owner=karthik), Application(applicationId=101, description=authorize1, applicationName=authorize1, owner=karthik), Application(applicationId=141, description=Appl, applicationName=Appl, owner=SIT Testing), Application(applicationId=143, description=Appl 2, applicationName=Appl 2, owner=UAT Testing)]
2023-03-14 20:45:54 - Application response:[ApplicationVO(applicationId=90, description=photo, applicationName=photo, owner=karthik), ApplicationVO(applicationId=2, description=Test, applicationName=Defect1, owner=Karthik), ApplicationVO(applicationId=23, description=Jira, applicationName=Jiratool, owner=kkalyan), ApplicationVO(applicationId=25, description=PostTesting1, applicationName=POSTMethod1, owner=Karthik1), ApplicationVO(applicationId=44, description=Jira, applicationName=Jiratool, owner=kkalyan), ApplicationVO(applicationId=27, description=Post1, applicationName=Defect1, owner=Karthikeyan), ApplicationVO(applicationId=86, description=sample, applicationName=sample, owner=karthik), ApplicationVO(applicationId=87, description=sample, applicationName=sample, owner=karthik), ApplicationVO(applicationId=91, description=adobe, applicationName=adobe, owner=philips), ApplicationVO(applicationId=88, description=facebook, applicationName=metadata, owner=mark), ApplicationVO(applicationId=89, description=google, applicationName=gmail, owner=sundar), ApplicationVO(applicationId=92, description=adobe, applicationName=adobe, owner=philips), ApplicationVO(applicationId=121, description=securitypost, applicationName=securitypost, owner=karthik), ApplicationVO(applicationId=94, description=authorize, applicationName=authorize, owner=karthik), ApplicationVO(applicationId=101, description=authorize1, applicationName=authorize1, owner=karthik), ApplicationVO(applicationId=141, description=Appl, applicationName=Appl, owner=SIT Testing), ApplicationVO(applicationId=143, description=Appl 2, applicationName=Appl 2, owner=UAT Testing)]
